Using pre-set license
Built from '2022.3/staging' branch; Version is '2022.3.14f1 (eff2de9070d8) revision 15725278'; Using compiler version '192829333'; Build Type 'Release'
OS: 'Windows 10  (10.0.19045) 64bit Education' Language: 'ko' Physical Memory: 16318 MB
BatchMode: 1, IsHumanControllingUs: 0, StartBugReporterOnCrash: 0, Is64bit: 1, IsPro: 1

COMMAND LINE ARGUMENTS:
C:\Program Files\Unity\Hub\Editor\2022.3.14f1\Editor\Unity.exe
-adb2
-batchMode
-noUpm
-name
AssetImportWorker0
-projectPath
C:/Users/Administrator/Desktop/Game Project/Game-Engine/Game
-logFile
Logs/AssetImportWorker0.log
-srvPort
50833
Successfully changed project path to: C:/Users/Administrator/Desktop/Game Project/Game-Engine/Game
C:/Users/Administrator/Desktop/Game Project/Game-Engine/Game
[UnityMemory] Configuration Parameters - Can be set up in boot.config
    "memorysetup-bucket-allocator-granularity=16"
    "memorysetup-bucket-allocator-bucket-count=8"
    "memorysetup-bucket-allocator-block-size=33554432"
    "memorysetup-bucket-allocator-block-count=8"
    "memorysetup-main-allocator-block-size=16777216"
    "memorysetup-thread-allocator-block-size=16777216"
    "memorysetup-gfx-main-allocator-block-size=16777216"
    "memorysetup-gfx-thread-allocator-block-size=16777216"
    "memorysetup-cache-allocator-block-size=4194304"
    "memorysetup-typetree-allocator-block-size=2097152"
    "memorysetup-profiler-bucket-allocator-granularity=16"
    "memorysetup-profiler-bucket-allocator-bucket-count=8"
    "memorysetup-profiler-bucket-allocator-block-size=33554432"
    "memorysetup-profiler-bucket-allocator-block-count=8"
    "memorysetup-profiler-allocator-block-size=16777216"
    "memorysetup-profiler-editor-allocator-block-size=1048576"
    "memorysetup-temp-allocator-size-main=16777216"
    "memorysetup-job-temp-allocator-block-size=2097152"
    "memorysetup-job-temp-allocator-block-size-background=1048576"
    "memorysetup-job-temp-allocator-reduction-small-platforms=262144"
    "memorysetup-allocator-temp-initial-block-size-main=262144"
    "memorysetup-allocator-temp-initial-block-size-worker=262144"
    "memorysetup-temp-allocator-size-background-worker=32768"
    "memorysetup-temp-allocator-size-job-worker=262144"
    "memorysetup-temp-allocator-size-preload-manager=33554432"
    "memorysetup-temp-allocator-size-nav-mesh-worker=65536"
    "memorysetup-temp-allocator-size-audio-worker=65536"
    "memorysetup-temp-allocator-size-cloud-worker=32768"
    "memorysetup-temp-allocator-size-gi-baking-worker=262144"
    "memorysetup-temp-allocator-size-gfx=262144"
Player connection [9052] Host "[IP] 192.168.0.124 [Port] 0 [Flags] 2 [Guid] 177241631 [EditorId] 177241631 [Version] 1048832 [Id] WindowsEditor(7,I-07) [Debug] 1 [PackageName] WindowsEditor [ProjectName] Editor" joined multi-casting on [225.0.0.222:54997]...

Player connection [9052] Host "[IP] 192.168.0.124 [Port] 0 [Flags] 2 [Guid] 177241631 [EditorId] 177241631 [Version] 1048832 [Id] WindowsEditor(7,I-07) [Debug] 1 [PackageName] WindowsEditor [ProjectName] Editor" joined alternative multi-casting on [225.0.0.222:34997]...

[Physics::Module] Initialized MultithreadedJobDispatcher with 11 workers.
Refreshing native plugins compatible for Editor in 6.35 ms, found 3 plugins.
Preloading 0 native plugins for Editor in 0.00 ms.
Initialize engine version: 2022.3.14f1 (eff2de9070d8)
[Subsystems] Discovering subsystems at path C:/Program Files/Unity/Hub/Editor/2022.3.14f1/Editor/Data/Resources/UnitySubsystems
[Subsystems] Discovering subsystems at path C:/Users/Administrator/Desktop/Game Project/Game-Engine/Game/Assets
GfxDevice: creating device client; threaded=0; jobified=0
Direct3D:
    Version:  Direct3D 11.0 [level 11.1]
    Renderer: NVIDIA GeForce GTX 1660 (ID=0x2184)
    Vendor:   NVIDIA
    VRAM:     5980 MB
    Driver:   31.0.15.3623
Initialize mono
Mono path[0] = 'C:/Program Files/Unity/Hub/Editor/2022.3.14f1/Editor/Data/Managed'
Mono path[1] = 'C:/Program Files/Unity/Hub/Editor/2022.3.14f1/Editor/Data/MonoBleedingEdge/lib/mono/unityjit-win32'
Mono config path = 'C:/Program Files/Unity/Hub/Editor/2022.3.14f1/Editor/Data/MonoBleedingEdge/etc'
Using monoOptions --debugger-agent=transport=dt_socket,embedding=1,server=y,suspend=n,address=127.0.0.1:56188
Begin MonoManager ReloadAssembly
Registering precompiled unity dll's ...
Register platform support module: C:/Program Files/Unity/Hub/Editor/2022.3.14f1/Editor/Data/PlaybackEngines/AndroidPlayer/UnityEditor.Android.Extensions.dll
Register platform support module: C:/Program Files/Unity/Hub/Editor/2022.3.14f1/Editor/Data/PlaybackEngines/WindowsStandaloneSupport/UnityEditor.WindowsStandalone.Extensions.dll
Registered in 0.007631 seconds.
- Loaded All Assemblies, in  0.380 seconds
Native extension for WindowsStandalone target not found
Native extension for Android target not found
Android Extension - Scanning For ADB Devices 1718 ms
Mono: successfully reloaded assembly
- Finished resetting the current domain, in  2.047 seconds
Domain Reload Profiling: 2426ms
	BeginReloadAssembly (119ms)
		ExecutionOrderSort (0ms)
		DisableScriptedObjects (0ms)
		BackupInstance (0ms)
		ReleaseScriptingObjects (0ms)
		CreateAndSetChildDomain (1ms)
	RebuildCommonClasses (38ms)
	RebuildNativeTypeToScriptingClass (11ms)
	initialDomainReloadingComplete (62ms)
	LoadAllAssembliesAndSetupDomain (149ms)
		LoadAssemblies (117ms)
		RebuildTransferFunctionScriptingTraits (0ms)
		AnalyzeDomain (147ms)
			TypeCache.Refresh (146ms)
				TypeCache.ScanAssembly (131ms)
			ScanForSourceGeneratedMonoScriptInfo (0ms)
			ResolveRequiredComponents (0ms)
	FinalizeReload (2047ms)
		ReleaseScriptCaches (0ms)
		RebuildScriptCaches (0ms)
		SetupLoadedEditorAssemblies (1988ms)
			LogAssemblyErrors (0ms)
			InitializePlatformSupportModulesInManaged (1834ms)
			SetLoadedEditorAssemblies (4ms)
			RefreshPlugins (0ms)
			BeforeProcessingInitializeOnLoad (2ms)
			ProcessInitializeOnLoadAttributes (101ms)
			ProcessInitializeOnLoadMethodAttributes (48ms)
			AfterProcessingInitializeOnLoad (0ms)
			EditorAssembliesLoaded (0ms)
		ExecutionOrderSort2 (0ms)
		AwakeInstancesAfterBackupRestoration (0ms)
========================================================================
Worker process is ready to serve import requests
Begin MonoManager ReloadAssembly
- Loaded All Assemblies, in  0.650 seconds
Refreshing native plugins compatible for Editor in 2.86 ms, found 3 plugins.
Native extension for WindowsStandalone target not found
Native extension for Android target not found
Package Manager log level set to [2]
[Package Manager] Server::EnsureServerProcessIsRunning -- launch failed, reason: Unity was launched with the -noUpm command-line argument
[Package Manager] UpmClient::Send -- Unable to send message (not connected to UPM process).
[Package Manager] Cannot connect to Unity Package Manager local server
Mono: successfully reloaded assembly
- Finished resetting the current domain, in  0.603 seconds
Domain Reload Profiling: 1252ms
	BeginReloadAssembly (154ms)
		ExecutionOrderSort (0ms)
		DisableScriptedObjects (6ms)
		BackupInstance (0ms)
		ReleaseScriptingObjects (0ms)
		CreateAndSetChildDomain (23ms)
	RebuildCommonClasses (32ms)
	RebuildNativeTypeToScriptingClass (11ms)
	initialDomainReloadingComplete (46ms)
	LoadAllAssembliesAndSetupDomain (405ms)
		LoadAssemblies (306ms)
		RebuildTransferFunctionScriptingTraits (0ms)
		AnalyzeDomain (191ms)
			TypeCache.Refresh (171ms)
				TypeCache.ScanAssembly (151ms)
			ScanForSourceGeneratedMonoScriptInfo (14ms)
			ResolveRequiredComponents (4ms)
	FinalizeReload (603ms)
		ReleaseScriptCaches (0ms)
		RebuildScriptCaches (0ms)
		SetupLoadedEditorAssemblies (445ms)
			LogAssemblyErrors (0ms)
			InitializePlatformSupportModulesInManaged (26ms)
			SetLoadedEditorAssemblies (6ms)
			RefreshPlugins (0ms)
			BeforeProcessingInitializeOnLoad (67ms)
			ProcessInitializeOnLoadAttributes (319ms)
			ProcessInitializeOnLoadMethodAttributes (21ms)
			AfterProcessingInitializeOnLoad (6ms)
			EditorAssembliesLoaded (0ms)
		ExecutionOrderSort2 (0ms)
		AwakeInstancesAfterBackupRestoration (6ms)
Launched and connected shader compiler UnityShaderCompiler.exe after 0.03 seconds
Refreshing native plugins compatible for Editor in 2.65 ms, found 3 plugins.
Preloading 0 native plugins for Editor in 0.00 ms.
Unloading 3101 Unused Serialized files (Serialized files now loaded: 0)
Unloading 32 unused Assets / (57.4 KB). Loaded Objects now: 3571.
Memory consumption went from 133.3 MB to 133.3 MB.
Total: 3.650200 ms (FindLiveObjects: 0.287800 ms CreateObjectMapping: 0.223100 ms MarkObjects: 3.039300 ms  DeleteObjects: 0.099100 ms)

AssetImportParameters requested are different than current active one (requested -> active):
  custom:container-demuxer-ogg: 62fdf1f143b41e24485cea50d1cbac27 -> 
  custom:video-decoder-ogg-theora: a1e56fd34408186e4bbccfd4996cb3dc -> 
  custom:framework-win-MediaFoundation: 216162199b28c13a410421893ffa2e32 -> 
  custom:container-demuxer-webm: 4f35f7cbe854078d1ac9338744f61a02 -> 
  custom:container-muxer-webm: aa71ff27fc2769a1b78a27578f13a17b -> 
  custom:video-decoder-webm-vp8: 9c59270c3fd7afecdb556c50c9e8de78 -> 
  custom:AudioImporter_EditorPlatform: d09bf68614088b80899f8185d706f6e7 -> 
  custom:video-encoder-webm-vp8: eb34c28f22e8b96e1ab97ce403110664 -> 
  custom:audio-decoder-ogg-vorbis: bf7c407c2cedff20999df2af8eb42d56 -> 
  custom:audio-encoder-webm-vorbis: bf7c407c2cedff20999df2af8eb42d56 -> 
========================================================================
Received Import Request.
  Time since last request: 604.984360 seconds.
  path: Assets/Class5th (Animation)/Animations/Y Bot@Idle.fbx
  artifactKey: Guid(a4ef55c0948e3ef4a8ed83d66caf4bb1) Importer(815301076,1909f56bfc062723c751e8b465ee728b)
Start importing Assets/Class5th (Animation)/Animations/Y Bot@Idle.fbx using Guid(a4ef55c0948e3ef4a8ed83d66caf4bb1) Importer(815301076,1909f56bfc062723c751e8b465ee728b)  -> (artifact id: '4d64b40c432b0629dc1b4b649ab1e0b6') in 0.042485 seconds
Number of updated asset objects reloaded before import = 0
Number of asset objects unloaded after import = 135
========================================================================
Received Prepare
Begin MonoManager ReloadAssembly
- Loaded All Assemblies, in  0.420 seconds
Refreshing native plugins compatible for Editor in 2.97 ms, found 3 plugins.
Native extension for WindowsStandalone target not found
Native extension for Android target not found
[Package Manager] Server::EnsureServerProcessIsRunning -- launch failed, reason: Unity was launched with the -noUpm command-line argument
[Package Manager] UpmClient::Send -- Unable to send message (not connected to UPM process).
[Package Manager] Cannot connect to Unity Package Manager local server
Mono: successfully reloaded assembly
- Finished resetting the current domain, in  0.875 seconds
Domain Reload Profiling: 1293ms
	BeginReloadAssembly (151ms)
		ExecutionOrderSort (0ms)
		DisableScriptedObjects (4ms)
		BackupInstance (0ms)
		ReleaseScriptingObjects (0ms)
		CreateAndSetChildDomain (35ms)
	RebuildCommonClasses (30ms)
	RebuildNativeTypeToScriptingClass (11ms)
	initialDomainReloadingComplete (25ms)
	LoadAllAssembliesAndSetupDomain (202ms)
		LoadAssemblies (263ms)
		RebuildTransferFunctionScriptingTraits (0ms)
		AnalyzeDomain (15ms)
			TypeCache.Refresh (8ms)
				TypeCache.ScanAssembly (0ms)
			ScanForSourceGeneratedMonoScriptInfo (0ms)
			ResolveRequiredComponents (7ms)
	FinalizeReload (875ms)
		ReleaseScriptCaches (0ms)
		RebuildScriptCaches (0ms)
		SetupLoadedEditorAssemblies (429ms)
			LogAssemblyErrors (0ms)
			InitializePlatformSupportModulesInManaged (27ms)
			SetLoadedEditorAssemblies (4ms)
			RefreshPlugins (0ms)
			BeforeProcessingInitializeOnLoad (68ms)
			ProcessInitializeOnLoadAttributes (301ms)
			ProcessInitializeOnLoadMethodAttributes (23ms)
			AfterProcessingInitializeOnLoad (7ms)
			EditorAssembliesLoaded (0ms)
		ExecutionOrderSort2 (0ms)
		AwakeInstancesAfterBackupRestoration (8ms)
Refreshing native plugins compatible for Editor in 3.21 ms, found 3 plugins.
Preloading 0 native plugins for Editor in 0.00 ms.
Unloading 3092 Unused Serialized files (Serialized files now loaded: 0)
Unloading 23 unused Assets / (31.0 KB). Loaded Objects now: 3575.
Memory consumption went from 133.3 MB to 133.3 MB.
Total: 2.750900 ms (FindLiveObjects: 0.321400 ms CreateObjectMapping: 0.297000 ms MarkObjects: 2.092000 ms  DeleteObjects: 0.040000 ms)

Prepare: number of updated asset objects reloaded= 0
AssetImportParameters requested are different than current active one (requested -> active):
  custom:container-demuxer-ogg: 62fdf1f143b41e24485cea50d1cbac27 -> 
  custom:video-decoder-ogg-theora: a1e56fd34408186e4bbccfd4996cb3dc -> 
  custom:framework-win-MediaFoundation: 216162199b28c13a410421893ffa2e32 -> 
  custom:CustomObjectIndexerAttribute: 756ad292c208cfabdd7b50bc23989ffe -> 
  custom:container-demuxer-webm: 4f35f7cbe854078d1ac9338744f61a02 -> 
  custom:container-muxer-webm: aa71ff27fc2769a1b78a27578f13a17b -> 
  custom:video-decoder-webm-vp8: 9c59270c3fd7afecdb556c50c9e8de78 -> 
  custom:SearchIndexIgnoredProperties: e643bd26f0fe6173181afceb89e7c659 -> 
  custom:AudioImporter_EditorPlatform: d09bf68614088b80899f8185d706f6e7 -> 
  custom:video-encoder-webm-vp8: eb34c28f22e8b96e1ab97ce403110664 -> 
  custom:audio-decoder-ogg-vorbis: bf7c407c2cedff20999df2af8eb42d56 -> 
  custom:audio-encoder-webm-vorbis: bf7c407c2cedff20999df2af8eb42d56 -> 
========================================================================
Received Import Request.
  Time since last request: 46.049970 seconds.
  path: Assets/Class5th (Animation)/Animations/New Folder
  artifactKey: Guid(d35b2073c6fe9574299e922d212e697f) Importer(815301076,1909f56bfc062723c751e8b465ee728b)
Start importing Assets/Class5th (Animation)/Animations/New Folder using Guid(d35b2073c6fe9574299e922d212e697f) Importer(815301076,1909f56bfc062723c751e8b465ee728b)  -> (artifact id: '44aeebad61cfb58e034d39733c46bcee') in 0.001973 seconds
Number of updated asset objects reloaded before import = 0
Number of asset objects unloaded after import = 0
========================================================================
Received Import Request.
  Time since last request: 270.971285 seconds.
  path: Assets/Class6th (User Interface)
  artifactKey: Guid(740612de38e70d44190bc39722250c3b) Importer(815301076,1909f56bfc062723c751e8b465ee728b)
Start importing Assets/Class6th (User Interface) using Guid(740612de38e70d44190bc39722250c3b) Importer(815301076,1909f56bfc062723c751e8b465ee728b)  -> (artifact id: '508a8c9da8686357b7105c1967fe0a82') in 0.000436 seconds
Number of updated asset objects reloaded before import = 0
Number of asset objects unloaded after import = 0
========================================================================
Received Import Request.
  Time since last request: 46.776235 seconds.
  path: Assets/Class6th (User Interface)/Scenes
  artifactKey: Guid(ddde699276edd4444b44a8306fcb5f32) Importer(815301076,1909f56bfc062723c751e8b465ee728b)
Start importing Assets/Class6th (User Interface)/Scenes using Guid(ddde699276edd4444b44a8306fcb5f32) Importer(815301076,1909f56bfc062723c751e8b465ee728b)  -> (artifact id: '16f1c5d95647b13b660d13274068c381') in 0.000395 seconds
Number of updated asset objects reloaded before import = 0
Number of asset objects unloaded after import = 0
========================================================================
Received Import Request.
  Time since last request: 11.420889 seconds.
  path: Assets/Class6th (User Interface)/Scenes/Game.unity
  artifactKey: Guid(22adeebcb388dfe439b9aa9d405e5e26) Importer(815301076,1909f56bfc062723c751e8b465ee728b)
Start importing Assets/Class6th (User Interface)/Scenes/Game.unity using Guid(22adeebcb388dfe439b9aa9d405e5e26) Importer(815301076,1909f56bfc062723c751e8b465ee728b)  -> (artifact id: '7a69dcb8aa1c5d2757c0e1b35ba60912') in 0.000417 seconds
Number of updated asset objects reloaded before import = 0
Number of asset objects unloaded after import = 0
========================================================================
Received Import Request.
  Time since last request: 540.538468 seconds.
  path: Assets/Class6th (User Interface)/New Folder
  artifactKey: Guid(e81917b93101fe84b894a71debf61a18) Importer(815301076,1909f56bfc062723c751e8b465ee728b)
Start importing Assets/Class6th (User Interface)/New Folder using Guid(e81917b93101fe84b894a71debf61a18) Importer(815301076,1909f56bfc062723c751e8b465ee728b)  -> (artifact id: 'ca5aec6fe0c8bad73b3cd2fa420ee2f4') in 0.000550 seconds
Number of updated asset objects reloaded before import = 0
Number of asset objects unloaded after import = 0
========================================================================
Received Import Request.
  Time since last request: 5.844108 seconds.
  path: Assets/Class6th (User Interface)/Images
  artifactKey: Guid(e81917b93101fe84b894a71debf61a18) Importer(815301076,1909f56bfc062723c751e8b465ee728b)
Start importing Assets/Class6th (User Interface)/Images using Guid(e81917b93101fe84b894a71debf61a18) Importer(815301076,1909f56bfc062723c751e8b465ee728b)  -> (artifact id: 'f0c22d07f8413b0b72d1184c6ac2f95f') in 0.000435 seconds
Number of updated asset objects reloaded before import = 0
Number of asset objects unloaded after import = 0
========================================================================
Received Import Request.
  Time since last request: 10.261924 seconds.
  path: Assets/Class5th (Animation)/Animators/Animator Controller.controller
  artifactKey: Guid(dc3620ba8a1f548439253ae4864a9bfd) Importer(815301076,1909f56bfc062723c751e8b465ee728b)
Start importing Assets/Class5th (Animation)/Animators/Animator Controller.controller using Guid(dc3620ba8a1f548439253ae4864a9bfd) Importer(815301076,1909f56bfc062723c751e8b465ee728b)  -> (artifact id: '2ffd3a1d8988a86e770fd06ab4abe1cb') in 0.010353 seconds
Number of updated asset objects reloaded before import = 0
Number of asset objects unloaded after import = 9
========================================================================
Received Import Request.
  Time since last request: 27.561946 seconds.
  path: Assets/Class6th (User Interface)/Images/planet-581239_1920.jpg
  artifactKey: Guid(d28b8d1dc2de96444b8798a4c71ae9bb) Importer(815301076,1909f56bfc062723c751e8b465ee728b)
Start importing Assets/Class6th (User Interface)/Images/planet-581239_1920.jpg using Guid(d28b8d1dc2de96444b8798a4c71ae9bb) Importer(815301076,1909f56bfc062723c751e8b465ee728b)  -> (artifact id: 'd314ce17efa9d9828bc680a6e074981a') in 0.049521 seconds
Number of updated asset objects reloaded before import = 0
Number of asset objects unloaded after import = 2
========================================================================
Received Import Request.
  Time since last request: 38.303237 seconds.
  path: Assets/Class6th (User Interface)/Images/Scenery.jpg
  artifactKey: Guid(d28b8d1dc2de96444b8798a4c71ae9bb) Importer(815301076,1909f56bfc062723c751e8b465ee728b)
Start importing Assets/Class6th (User Interface)/Images/Scenery.jpg using Guid(d28b8d1dc2de96444b8798a4c71ae9bb) Importer(815301076,1909f56bfc062723c751e8b465ee728b)  -> (artifact id: 'f60c4635941e4e5474caaf8c882becd1') in 0.017261 seconds
Number of updated asset objects reloaded before import = 0
Number of asset objects unloaded after import = 2
========================================================================
Received Import Request.
  Time since last request: 387.595912 seconds.
  path: Assets/Class6th (User Interface)/Fantasy Wooden GUI  Free/normal_ui_set A/1_normal_ui_set free.psd
  artifactKey: Guid(1ab331a196bae1046b7a75ed7e3f6b46) Importer(815301076,1909f56bfc062723c751e8b465ee728b)
Start importing Assets/Class6th (User Interface)/Fantasy Wooden GUI  Free/normal_ui_set A/1_normal_ui_set free.psd using Guid(1ab331a196bae1046b7a75ed7e3f6b46) Importer(815301076,1909f56bfc062723c751e8b465ee728b)  -> (artifact id: 'cd6241dc5bac5f1c7bb13c9cb3784a49') in 0.061823 seconds
Number of updated asset objects reloaded before import = 0
Number of asset objects unloaded after import = 3
========================================================================
Received Import Request.
  Time since last request: 0.000019 seconds.
  path: Assets/Class6th (User Interface)/Fantasy Wooden GUI  Free/normal_ui_set A/TextBTN_Big.png
  artifactKey: Guid(2be7b70e984b51444aca9c12ae4723a7) Importer(815301076,1909f56bfc062723c751e8b465ee728b)
Start importing Assets/Class6th (User Interface)/Fantasy Wooden GUI  Free/normal_ui_set A/TextBTN_Big.png using Guid(2be7b70e984b51444aca9c12ae4723a7) Importer(815301076,1909f56bfc062723c751e8b465ee728b)  -> (artifact id: '3dbc8d1e25d2acacaec21c1f66ee888f') in 0.025573 seconds
Number of updated asset objects reloaded before import = 0
Number of asset objects unloaded after import = 3
========================================================================
Received Import Request.
  Time since last request: 0.000025 seconds.
  path: Assets/Class6th (User Interface)/Fantasy Wooden GUI  Free/normal_ui_set A/UI board Small Set.png
  artifactKey: Guid(8eb69fafe4f719b49bb2dd1a7358aaaa) Importer(815301076,1909f56bfc062723c751e8b465ee728b)
Start importing Assets/Class6th (User Interface)/Fantasy Wooden GUI  Free/normal_ui_set A/UI board Small Set.png using Guid(8eb69fafe4f719b49bb2dd1a7358aaaa) Importer(815301076,1909f56bfc062723c751e8b465ee728b)  -> (artifact id: 'b87c3aa3e674d8bcf29668c5ad5e8d11') in 0.022243 seconds
Number of updated asset objects reloaded before import = 0
Number of asset objects unloaded after import = 3
========================================================================
Received Import Request.
  Time since last request: 0.000018 seconds.
  path: Assets/Class6th (User Interface)/Fantasy Wooden GUI  Free/normal_ui_set A/TextBTN_Cancel_Pressed.png
  artifactKey: Guid(9494e936ef153d148aaddfa6db5fb773) Importer(815301076,1909f56bfc062723c751e8b465ee728b)
Start importing Assets/Class6th (User Interface)/Fantasy Wooden GUI  Free/normal_ui_set A/TextBTN_Cancel_Pressed.png using Guid(9494e936ef153d148aaddfa6db5fb773) Importer(815301076,1909f56bfc062723c751e8b465ee728b)  -> (artifact id: '8450edff1c90eb5913483eb6de6f383e') in 0.023376 seconds
Number of updated asset objects reloaded before import = 0
Number of asset objects unloaded after import = 3
========================================================================
Received Import Request.
  Time since last request: 0.000024 seconds.
  path: Assets/Class6th (User Interface)/Fantasy Wooden GUI  Free/normal_ui_set A/Close Button.png
  artifactKey: Guid(11277a3f23988ec47908362d708edaa8) Importer(815301076,1909f56bfc062723c751e8b465ee728b)
Start importing Assets/Class6th (User Interface)/Fantasy Wooden GUI  Free/normal_ui_set A/Close Button.png using Guid(11277a3f23988ec47908362d708edaa8) Importer(815301076,1909f56bfc062723c751e8b465ee728b)  -> (artifact id: 'e3c6d54622e65dced22996d51d59dd11') in 0.025172 seconds
Number of updated asset objects reloaded before import = 0
Number of asset objects unloaded after import = 3
========================================================================
Received Import Request.
  Time since last request: 0.000015 seconds.
  path: Assets/Class6th (User Interface)/Fantasy Wooden GUI  Free/normal_ui_set A/notice.png
  artifactKey: Guid(86adaa715d8969e48975ca3343ddaedd) Importer(815301076,1909f56bfc062723c751e8b465ee728b)
Start importing Assets/Class6th (User Interface)/Fantasy Wooden GUI  Free/normal_ui_set A/notice.png using Guid(86adaa715d8969e48975ca3343ddaedd) Importer(815301076,1909f56bfc062723c751e8b465ee728b)  -> (artifact id: '12db2c1a40ef11eab3ada2cc8cd1769d') in 0.023250 seconds
Number of updated asset objects reloaded before import = 0
Number of asset objects unloaded after import = 3
========================================================================
Received Import Request.
  Time since last request: 0.000013 seconds.
  path: Assets/Class6th (User Interface)/Fantasy Wooden GUI  Free/normal_ui_set A/Exclamation_Red.png
  artifactKey: Guid(e9d4143c19529834981ac6821a04aecd) Importer(815301076,1909f56bfc062723c751e8b465ee728b)
Start importing Assets/Class6th (User Interface)/Fantasy Wooden GUI  Free/normal_ui_set A/Exclamation_Red.png using Guid(e9d4143c19529834981ac6821a04aecd) Importer(815301076,1909f56bfc062723c751e8b465ee728b)  -> (artifact id: '0def3085209575a6e64f41d528047436') in 0.022026 seconds
Number of updated asset objects reloaded before import = 0
Number of asset objects unloaded after import = 3
========================================================================
Received Import Request.
  Time since last request: 0.000023 seconds.
  path: Assets/Class6th (User Interface)/Fantasy Wooden GUI  Free/normal_ui_set A/TextBTN_New-Start.png
  artifactKey: Guid(ca45d178d188e034aa96a68aceeef41b) Importer(815301076,1909f56bfc062723c751e8b465ee728b)
Start importing Assets/Class6th (User Interface)/Fantasy Wooden GUI  Free/normal_ui_set A/TextBTN_New-Start.png using Guid(ca45d178d188e034aa96a68aceeef41b) Importer(815301076,1909f56bfc062723c751e8b465ee728b)  -> (artifact id: '0bc7b39f46c4449ad549de8444dc29ae') in 0.018495 seconds
Number of updated asset objects reloaded before import = 0
Number of asset objects unloaded after import = 3
========================================================================
Received Import Request.
  Time since last request: 0.000018 seconds.
  path: Assets/Class6th (User Interface)/Fantasy Wooden GUI  Free/normal_ui_set A/Exclamation_Gray.png
  artifactKey: Guid(f73f68fe6815f5548a6c2a61b9e49add) Importer(815301076,1909f56bfc062723c751e8b465ee728b)
Start importing Assets/Class6th (User Interface)/Fantasy Wooden GUI  Free/normal_ui_set A/Exclamation_Gray.png using Guid(f73f68fe6815f5548a6c2a61b9e49add) Importer(815301076,1909f56bfc062723c751e8b465ee728b)  -> (artifact id: 'e2581fa635f1392b464a8e302492dfb0') in 0.023736 seconds
Number of updated asset objects reloaded before import = 0
Number of asset objects unloaded after import = 3
========================================================================
Received Import Request.
  Time since last request: 0.000015 seconds.
  path: Assets/Class6th (User Interface)/Fantasy Wooden GUI  Free/normal_ui_set A/UI board Medium  parchment.png
  artifactKey: Guid(cf1462bc694c3c249831ad8ac5293aa2) Importer(815301076,1909f56bfc062723c751e8b465ee728b)
Start importing Assets/Class6th (User Interface)/Fantasy Wooden GUI  Free/normal_ui_set A/UI board Medium  parchment.png using Guid(cf1462bc694c3c249831ad8ac5293aa2) Importer(815301076,1909f56bfc062723c751e8b465ee728b)  -> (artifact id: '8d9c921f85fde147332f90d84c872f69') in 0.020518 seconds
Number of updated asset objects reloaded before import = 0
Number of asset objects unloaded after import = 3
========================================================================
Received Import Request.
  Time since last request: 0.000016 seconds.
  path: Assets/Class6th (User Interface)/Fantasy Wooden GUI  Free/normal_ui_set A/UI board Small  parchment.png
  artifactKey: Guid(a454050719005b444b59a84eaafba779) Importer(815301076,1909f56bfc062723c751e8b465ee728b)
Start importing Assets/Class6th (User Interface)/Fantasy Wooden GUI  Free/normal_ui_set A/UI board Small  parchment.png using Guid(a454050719005b444b59a84eaafba779) Importer(815301076,1909f56bfc062723c751e8b465ee728b)  -> (artifact id: '707cc44677a39912185eab790653ccd8') in 0.019022 seconds
Number of updated asset objects reloaded before import = 0
Number of asset objects unloaded after import = 3
========================================================================
Received Import Request.
  Time since last request: 0.000016 seconds.
  path: Assets/Class6th (User Interface)/Fantasy Wooden GUI  Free/normal_ui_set A/Division line.png
  artifactKey: Guid(b7d245916891cca47a0144e12a82e086) Importer(815301076,1909f56bfc062723c751e8b465ee728b)
Start importing Assets/Class6th (User Interface)/Fantasy Wooden GUI  Free/normal_ui_set A/Division line.png using Guid(b7d245916891cca47a0144e12a82e086) Importer(815301076,1909f56bfc062723c751e8b465ee728b)  -> (artifact id: 'd3355ac7ba558b3b74d9e63a4f3a1349') in 0.018710 seconds
Number of updated asset objects reloaded before import = 0
Number of asset objects unloaded after import = 3
========================================================================
Received Import Request.
  Time since last request: 0.000018 seconds.
  path: Assets/Class6th (User Interface)/Fantasy Wooden GUI  Free/normal_ui_set A/UI board Medium stone.png
  artifactKey: Guid(9a6560e5bacb40847bb1b879ede354fb) Importer(815301076,1909f56bfc062723c751e8b465ee728b)
Start importing Assets/Class6th (User Interface)/Fantasy Wooden GUI  Free/normal_ui_set A/UI board Medium stone.png using Guid(9a6560e5bacb40847bb1b879ede354fb) Importer(815301076,1909f56bfc062723c751e8b465ee728b)  -> (artifact id: 'efc32507afcac9f2a9b815e6d68610dd') in 0.024719 seconds
Number of updated asset objects reloaded before import = 0
Number of asset objects unloaded after import = 3
========================================================================
Received Import Request.
  Time since last request: 0.000023 seconds.
  path: Assets/Class6th (User Interface)/Fantasy Wooden GUI  Free/normal_ui_set A/TextBTN_New-Start_Pressed.png
  artifactKey: Guid(2e5f47e2f71128f4282c0a4a67288751) Importer(815301076,1909f56bfc062723c751e8b465ee728b)
Start importing Assets/Class6th (User Interface)/Fantasy Wooden GUI  Free/normal_ui_set A/TextBTN_New-Start_Pressed.png using Guid(2e5f47e2f71128f4282c0a4a67288751) Importer(815301076,1909f56bfc062723c751e8b465ee728b)  -> (artifact id: '3a706882562a8afbd04f6c0c8fb82f52') in 0.019855 seconds
Number of updated asset objects reloaded before import = 0
Number of asset objects unloaded after import = 3
========================================================================
Received Import Request.
  Time since last request: 0.000019 seconds.
  path: Assets/Class6th (User Interface)/Fantasy Wooden GUI  Free/normal_ui_set A/TextBTN_Medium.png
  artifactKey: Guid(efee20b64d1e73942a29ba61ce3379c3) Importer(815301076,1909f56bfc062723c751e8b465ee728b)
Start importing Assets/Class6th (User Interface)/Fantasy Wooden GUI  Free/normal_ui_set A/TextBTN_Medium.png using Guid(efee20b64d1e73942a29ba61ce3379c3) Importer(815301076,1909f56bfc062723c751e8b465ee728b)  -> (artifact id: 'c8b7c84877c5504c77bdf271296c8e05') in 0.019502 seconds
Number of updated asset objects reloaded before import = 0
Number of asset objects unloaded after import = 3
Editor requested this worker to shutdown with reason: Scaling down because of idle timeout
TcpMessagingSession - receive error: operation aborted. errorcode: 995, details: 스레드 종료 또는 응용 프로그램 요청 때문에 I/O 작업이 취소되었습니다.
AssetImportWorker is now disconnected from the server
Process exiting
Exiting without the bug reporter. Application will terminate with return code 0